\BOOKMARK [1][-]{section.1}{Background material}{}% 1
\BOOKMARK [2][-]{subsection.1.1}{Supervector spaces and Clifford algebras}{section.1}% 2
\BOOKMARK [1][-]{section.2}{Superfusion categories}{}% 3
\BOOKMARK [2][-]{subsection.2.1}{Categorical caveats}{section.2}% 4
\BOOKMARK [2][-]{subsection.2.2}{Majorana objects}{section.2}% 5
\BOOKMARK [1][-]{section.3}{The underlying fusion category of a superfusion category}{}% 6
\BOOKMARK [2][-]{subsection.3.1}{Deriving the F-symbols in C}{section.3}% 7
\BOOKMARK [1][-]{section.4}{sVecG theories for finite Abelian G}{}% 8
\BOOKMARK [1][-]{section.5}{The ``fube algebra'': general theory}{}% 9
\BOOKMARK [2][-]{subsection.5.1}{Preliminaries on structures}{section.5}% 10
\BOOKMARK [2][-]{subsection.5.2}{Finding the quasiparticles: central idempotents and simple modules}{section.5}% 11
\BOOKMARK [3][-]{subsubsection.5.2.1}{Intuitive idea}{subsection.5.2}% 12
\BOOKMARK [3][-]{subsubsection.5.2.2}{Formal aspects}{subsection.5.2}% 13
\BOOKMARK [2][-]{subsection.5.3}{Finding the quasiparticle fusion rules}{section.5}% 14
\BOOKMARK [1][-]{section.6}{Condensing \040in the Ising theory}{}% 15
\BOOKMARK [2][-]{subsubsection.6.0.1}{Kitaev wire}{section.6}% 16
\BOOKMARK [2][-]{subsection.6.1}{Getting to the quasiparticles}{section.6}% 17
\BOOKMARK [2][-]{subsection.6.2}{Obtaining the quasiparticle fusion rules}{section.6}% 18
\BOOKMARK [2][-]{subsection.6.3}{Decompositions of the fube algebra and ways to guess the number of quasiparticles}{section.6}% 19
\BOOKMARK [1][-]{section.7}{Braiding data}{}% 20
\BOOKMARK [2][-]{subsection.7.1}{R-matrices}{section.7}% 21
\BOOKMARK [2][-]{subsection.7.2}{Twists}{section.7}% 22
\BOOKMARK [3][-]{subsubsection.7.2.1}{obtained from braiding}{subsection.7.2}% 23
\BOOKMARK [3][-]{subsubsection.7.2.2}{obtained from spin}{subsection.7.2}% 24
\BOOKMARK [2][-]{subsection.7.3}{Topological S-matrix}{section.7}% 25
\BOOKMARK [1][-]{section.8}{Hamiltonian \(in progress\)}{}% 26
\BOOKMARK [1][-]{section.9}{Stuff to understand}{}% 27
\BOOKMARK [2][-]{subsection.9.1}{Question and answer with K-dub}{section.9}% 28
\BOOKMARK [1][-]{section.10}{Outline}{}% 29
\BOOKMARK [2][-]{subsection.10.1}{introduction}{section.10}% 30
\BOOKMARK [2][-]{subsection.10.2}{super spherical/pivotal fusions categories, picture categories}{section.10}% 31
\BOOKMARK [2][-]{subsection.10.3}{Examples: Ising, sFib, Another example}{section.10}% 32
\BOOKMARK [3][-]{subsubsection.10.3.1}{Anyon chain}{subsection.10.3}% 33
\BOOKMARK [2][-]{subsection.10.4}{Fube algebra generalities}{section.10}% 34
\BOOKMARK [3][-]{subsubsection.10.4.1}{Fube algebra examples, Idempotents}{subsection.10.4}% 35
\BOOKMARK [3][-]{subsubsection.10.4.2}{Fusion, and pants, braiding?, modular transoformations?, Examples.}{subsection.10.4}% 36
\BOOKMARK [2][-]{subsection.10.5}{Hamilontians, lattice model, picture model}{section.10}% 37
\BOOKMARK [2][-]{subsection.10.6}{Shadow world and tensor network applications!!}{section.10}% 38
\BOOKMARK [2][-]{subsection.10.7}{Discussion}{section.10}% 39
